<?xml version="1.0" encoding="UTF-8"?>
<!-- Generated by org.testng.reporters.JUnitReportReporter -->
<testsuite hostname="ANURAG" failures="0" tests="2" name="qaclickacademy.AppiumTest" time="0.012" errors="0" timestamp="2021-06-17T00:48:59 IST" skipped="0">
  <testcase classname="qaclickacademy.AppiumTest" name="IOSapps" time="0.011"/>
  <system-out/>
  <testcase classname="qaclickacademy.AppiumTest" name="NativeAppAndroid" time="0.001"/>
  <system-out/>
</testsuite> <!-- qaclickacademy.AppiumTest -->
